09:57:59.971 [main] DEBUG com.intuit.karate.Suite - [config] classpath:karate-config.js
09:58:01.651 [main] INFO  com.intuit.karate - karate.env system property was: null 
09:58:02.682 [main] DEBUG com.intuit.karate - request:
1 > GET https://jsonplaceholder.typicode.com/users
1 > Host: jsonplaceholder.typicode.com
1 > Connection: Keep-Alive
1 > User-Agent: Apache-HttpClient/4.5.13 (Java/1.8.0_351)
1 > Accept-Encoding: gzip,deflate


09:58:03.207 [main] DEBUG com.intuit.karate - response time in milliseconds: 522
1 < 200
1 < Date: Fri, 26 Jul 2024 14:58:01 GMT
1 < Content-Type: application/json; charset=utf-8
1 < Transfer-Encoding: chunked
1 < Connection: keep-alive
1 < Report-To: {"group":"heroku-nel","max_age":3600,"endpoints":[{"url":"https://nel.heroku.com/reports?ts=1717705890&sid=e11707d5-02a7-43ef-b45e-2cf4d2036f7d&s=i6ytSnYFwAVioM8RatSbjHXRJV9uoG8xe68fU6IaT0I%3D"}]}
1 < Reporting-Endpoints: heroku-nel=https://nel.heroku.com/reports?ts=1717705890&sid=e11707d5-02a7-43ef-b45e-2cf4d2036f7d&s=i6ytSnYFwAVioM8RatSbjHXRJV9uoG8xe68fU6IaT0I%3D
1 < Nel: {"report_to":"heroku-nel","max_age":3600,"success_fraction":0.005,"failure_fraction":0.05,"response_headers":["Via"]}
1 < X-Powered-By: Express
1 < X-Ratelimit-Limit: 1000
1 < X-Ratelimit-Remaining: 999
1 < X-Ratelimit-Reset: 1717705950
1 < Vary: Origin, Accept-Encoding
1 < Access-Control-Allow-Credentials: true
1 < Cache-Control: max-age=43200
1 < Pragma: no-cache
1 < Expires: -1
1 < X-Content-Type-Options: nosniff
1 < Etag: W/"160d-1eMSsxeJRfnVLRBmYJSbCiJZ1qQ"
1 < Via: 1.1 vegur
1 < CF-Cache-Status: HIT
1 < Age: 14439
1 < Server: cloudflare
1 < CF-RAY: 8a953ed94ca41eba-EZE
1 < alt-svc: h3=":443"; ma=86400
[
  {
    "id": 1,
    "name": "Leanne Graham",
    "username": "Bret",
    "email": "Sincere@april.biz",
    "address": {
      "street": "Kulas Light",
      "suite": "Apt. 556",
      "city": "Gwenborough",
      "zipcode": "92998-3874",
      "geo": {
        "lat": "-37.3159",
        "lng": "81.1496"
      }
    },
    "phone": "1-770-736-8031 x56442",
    "website": "hildegard.org",
    "company": {
      "name": "Romaguera-Crona",
      "catchPhrase": "Multi-layered client-server neural-net",
      "bs": "harness real-time e-markets"
    }
  },
  {
    "id": 2,
    "name": "Ervin Howell",
    "username": "Antonette",
    "email": "Shanna@melissa.tv",
    "address": {
      "street": "Victor Plains",
      "suite": "Suite 879",
      "city": "Wisokyburgh",
      "zipcode": "90566-7771",
      "geo": {
        "lat": "-43.9509",
        "lng": "-34.4618"
      }
    },
    "phone": "010-692-6593 x09125",
    "website": "anastasia.net",
    "company": {
      "name": "Deckow-Crist",
      "catchPhrase": "Proactive didactic contingency",
      "bs": "synergize scalable supply-chains"
    }
  },
  {
    "id": 3,
    "name": "Clementine Bauch",
    "username": "Samantha",
    "email": "Nathan@yesenia.net",
    "address": {
      "street": "Douglas Extension",
      "suite": "Suite 847",
      "city": "McKenziehaven",
      "zipcode": "59590-4157",
      "geo": {
        "lat": "-68.6102",
        "lng": "-47.0653"
      }
    },
    "phone": "1-463-123-4447",
    "website": "ramiro.info",
    "company": {
      "name": "Romaguera-Jacobson",
      "catchPhrase": "Face to face bifurcated interface",
      "bs": "e-enable strategic applications"
    }
  },
  {
    "id": 4,
    "name": "Patricia Lebsack",
    "username": "Karianne",
    "email": "Julianne.OConner@kory.org",
    "address": {
      "street": "Hoeger Mall",
      "suite": "Apt. 692",
      "city": "South Elvis",
      "zipcode": "53919-4257",
      "geo": {
        "lat": "29.4572",
        "lng": "-164.2990"
      }
    },
    "phone": "493-170-9623 x156",
    "website": "kale.biz",
    "company": {
      "name": "Robel-Corkery",
      "catchPhrase": "Multi-tiered zero tolerance productivity",
      "bs": "transition cutting-edge web services"
    }
  },
  {
    "id": 5,
    "name": "Chelsey Dietrich",
    "username": "Kamren",
    "email": "Lucio_Hettinger@annie.ca",
    "address": {
      "street": "Skiles Walks",
      "suite": "Suite 351",
      "city": "Roscoeview",
      "zipcode": "33263",
      "geo": {
        "lat": "-31.8129",
        "lng": "62.5342"
      }
    },
    "phone": "(254)954-1289",
    "website": "demarco.info",
    "company": {
      "name": "Keebler LLC",
      "catchPhrase": "User-centric fault-tolerant solution",
      "bs": "revolutionize end-to-end systems"
    }
  },
  {
    "id": 6,
    "name": "Mrs. Dennis Schulist",
    "username": "Leopoldo_Corkery",
    "email": "Karley_Dach@jasper.info",
    "address": {
      "street": "Norberto Crossing",
      "suite": "Apt. 950",
      "city": "South Christy",
      "zipcode": "23505-1337",
      "geo": {
        "lat": "-71.4197",
        "lng": "71.7478"
      }
    },
    "phone": "1-477-935-8478 x6430",
    "website": "ola.org",
    "company": {
      "name": "Considine-Lockman",
      "catchPhrase": "Synchronised bottom-line interface",
      "bs": "e-enable innovative applications"
    }
  },
  {
    "id": 7,
    "name": "Kurtis Weissnat",
    "username": "Elwyn.Skiles",
    "email": "Telly.Hoeger@billy.biz",
    "address": {
      "street": "Rex Trail",
      "suite": "Suite 280",
      "city": "Howemouth",
      "zipcode": "58804-1099",
      "geo": {
        "lat": "24.8918",
        "lng": "21.8984"
      }
    },
    "phone": "210.067.6132",
    "website": "elvis.io",
    "company": {
      "name": "Johns Group",
      "catchPhrase": "Configurable multimedia task-force",
      "bs": "generate enterprise e-tailers"
    }
  },
  {
    "id": 8,
    "name": "Nicholas Runolfsdottir V",
    "username": "Maxime_Nienow",
    "email": "Sherwood@rosamond.me",
    "address": {
      "street": "Ellsworth Summit",
      "suite": "Suite 729",
      "city": "Aliyaview",
      "zipcode": "45169",
      "geo": {
        "lat": "-14.3990",
        "lng": "-120.7677"
      }
    },
    "phone": "586.493.6943 x140",
    "website": "jacynthe.com",
    "company": {
      "name": "Abernathy Group",
      "catchPhrase": "Implemented secondary concept",
      "bs": "e-enable extensible e-tailers"
    }
  },
  {
    "id": 9,
    "name": "Glenna Reichert",
    "username": "Delphine",
    "email": "Chaim_McDermott@dana.io",
    "address": {
      "street": "Dayna Park",
      "suite": "Suite 449",
      "city": "Bartholomebury",
      "zipcode": "76495-3109",
      "geo": {
        "lat": "24.6463",
        "lng": "-168.8889"
      }
    },
    "phone": "(775)976-6794 x41206",
    "website": "conrad.com",
    "company": {
      "name": "Yost and Sons",
      "catchPhrase": "Switchable contextually-based project",
      "bs": "aggregate real-time technologies"
    }
  },
  {
    "id": 10,
    "name": "Clementina DuBuque",
    "username": "Moriah.Stanton",
    "email": "Rey.Padberg@karina.biz",
    "address": {
      "street": "Kattie Turnpike",
      "suite": "Suite 198",
      "city": "Lebsackbury",
      "zipcode": "31428-2261",
      "geo": {
        "lat": "-38.2386",
        "lng": "57.2232"
      }
    },
    "phone": "024-648-3804",
    "website": "ambrose.net",
    "company": {
      "name": "Hoeger LLC",
      "catchPhrase": "Centralized empowering task-force",
      "bs": "target end-to-end models"
    }
  }
]

09:58:03.290 [main] DEBUG com.intuit.karate - request:
2 > GET https://jsonplaceholder.typicode.com/users/1
2 > Host: jsonplaceholder.typicode.com
2 > Connection: Keep-Alive
2 > User-Agent: Apache-HttpClient/4.5.13 (Java/1.8.0_351)
2 > Accept-Encoding: gzip,deflate


09:58:04.005 [main] DEBUG com.intuit.karate - response time in milliseconds: 715
2 < 200
2 < Date: Fri, 26 Jul 2024 14:58:02 GMT
2 < Content-Type: application/json; charset=utf-8
2 < Transfer-Encoding: chunked
2 < Connection: keep-alive
2 < Report-To: {"group":"heroku-nel","max_age":3600,"endpoints":[{"url":"https://nel.heroku.com/reports?ts=1721741176&sid=e11707d5-02a7-43ef-b45e-2cf4d2036f7d&s=LlUeCwECcRzvA5fX%2FKU7eVAdI7rOAat3Tk1xRBuCqNg%3D"}]}
2 < Reporting-Endpoints: heroku-nel=https://nel.heroku.com/reports?ts=1721741176&sid=e11707d5-02a7-43ef-b45e-2cf4d2036f7d&s=LlUeCwECcRzvA5fX%2FKU7eVAdI7rOAat3Tk1xRBuCqNg%3D
2 < Nel: {"report_to":"heroku-nel","max_age":3600,"success_fraction":0.005,"failure_fraction":0.05,"response_headers":["Via"]}
2 < X-Powered-By: Express
2 < X-Ratelimit-Limit: 1000
2 < X-Ratelimit-Remaining: 999
2 < X-Ratelimit-Reset: 1721741205
2 < Vary: Origin, Accept-Encoding
2 < Access-Control-Allow-Credentials: true
2 < Cache-Control: max-age=43200
2 < Pragma: no-cache
2 < Expires: -1
2 < X-Content-Type-Options: nosniff
2 < Etag: W/"1fd-+2Y3G3w049iSZtw5t1mzSnunngE"
2 < Via: 1.1 vegur
2 < CF-Cache-Status: REVALIDATED
2 < Server: cloudflare
2 < CF-RAY: 8a953edb4cf5c81f-EZE
2 < alt-svc: h3=":443"; ma=86400
{
  "id": 1,
  "name": "Leanne Graham",
  "username": "Bret",
  "email": "Sincere@april.biz",
  "address": {
    "street": "Kulas Light",
    "suite": "Apt. 556",
    "city": "Gwenborough",
    "zipcode": "92998-3874",
    "geo": {
      "lat": "-37.3159",
      "lng": "81.1496"
    }
  },
  "phone": "1-770-736-8031 x56442",
  "website": "hildegard.org",
  "company": {
    "name": "Romaguera-Crona",
    "catchPhrase": "Multi-layered client-server neural-net",
    "bs": "harness real-time e-markets"
  }
}

09:58:04.029 [main] INFO  com.intuit.karate - karate.env system property was: null 
09:58:04.115 [main] DEBUG com.intuit.karate - request:
1 > POST https://jsonplaceholder.typicode.com/users
1 > Content-Type: application/json; charset=UTF-8
1 > Content-Length: 160
1 > Host: jsonplaceholder.typicode.com
1 > Connection: Keep-Alive
1 > User-Agent: Apache-HttpClient/4.5.13 (Java/1.8.0_351)
1 > Accept-Encoding: gzip,deflate
{"name":"Test User","username":"testuser","email":"test@user.com","address":{"street":"Has No Name","suite":"Apt. 123","city":"Electri","zipcode":"54321-6789"}}

09:58:04.821 [main] DEBUG com.intuit.karate - response time in milliseconds: 704
1 < 201
1 < Date: Fri, 26 Jul 2024 14:58:03 GMT
1 < Content-Type: application/json; charset=utf-8
1 < Content-Length: 216
1 < Connection: keep-alive
1 < Report-To: {"group":"heroku-nel","max_age":3600,"endpoints":[{"url":"https://nel.heroku.com/reports?ts=1722005883&sid=e11707d5-02a7-43ef-b45e-2cf4d2036f7d&s=cSwtJgYRF%2BGIU%2BEd0UMDRKplDbJubhjyAff0HXDHxPs%3D"}]}
1 < Reporting-Endpoints: heroku-nel=https://nel.heroku.com/reports?ts=1722005883&sid=e11707d5-02a7-43ef-b45e-2cf4d2036f7d&s=cSwtJgYRF%2BGIU%2BEd0UMDRKplDbJubhjyAff0HXDHxPs%3D
1 < Nel: {"report_to":"heroku-nel","max_age":3600,"success_fraction":0.005,"failure_fraction":0.05,"response_headers":["Via"]}
1 < X-Powered-By: Express
1 < X-Ratelimit-Limit: 1000
1 < X-Ratelimit-Remaining: 998
1 < X-Ratelimit-Reset: 1722005897
1 < Vary: Origin, X-HTTP-Method-Override, Accept-Encoding
1 < Access-Control-Allow-Credentials: true
1 < Cache-Control: no-cache
1 < Pragma: no-cache
1 < Expires: -1
1 < Access-Control-Expose-Headers: Location
1 < Location: https://jsonplaceholder.typicode.com/users/11
1 < X-Content-Type-Options: nosniff
1 < Etag: W/"d8-pYV7+YuMGP2hxHPU9ARrf97ifDA"
1 < Via: 1.1 vegur
1 < CF-Cache-Status: DYNAMIC
1 < Server: cloudflare
1 < CF-RAY: 8a953ee06db72032-EZE
1 < alt-svc: h3=":443"; ma=86400
{
  "name": "Test User",
  "username": "testuser",
  "email": "test@user.com",
  "address": {
    "street": "Has No Name",
    "suite": "Apt. 123",
    "city": "Electri",
    "zipcode": "54321-6789"
  },
  "id": 11
}

09:58:04.826 [main] INFO  com.intuit.karate - [print] created id is:  11 
10:03:51.395 [main] ERROR com.intuit.karate.core.FeatureParser - not a valid feature file: src/test/java/examples/users/demoblaze.feature - mismatched input '<EOF>' expecting {FEATURE_TAGS, FEATURE}
10:25:06.764 [main] DEBUG com.intuit.karate.Suite - [config] classpath:karate-config.js
10:25:06.774 [main] INFO  com.intuit.karate.Suite - backed up existing 'target\karate-reports' dir to: target\karate-reports_1722007506771
10:25:06.824 [main] INFO  c.intuit.karate.core.FeatureRuntime - found scenario at line: 7 - ^Login$
10:25:08.413 [main] INFO  com.intuit.karate - karate.env system property was: null 
10:25:09.719 [main] DEBUG com.intuit.karate - request:
1 > POST https://restful-booker.herokuapp.com/auth
1 > Content-Type: application/json; charset=UTF-8
1 > Content-Length: 45
1 > Host: restful-booker.herokuapp.com
1 > Connection: Keep-Alive
1 > User-Agent: Apache-HttpClient/4.5.13 (Java/1.8.0_351)
1 > Accept-Encoding: gzip,deflate
{"username":"admin","password":"password123"}

10:25:10.569 [main] DEBUG com.intuit.karate - response time in milliseconds: 848
1 < 200
1 < Server: Cowboy
1 < Report-To: {"group":"heroku-nel","max_age":3600,"endpoints":[{"url":"https://nel.heroku.com/reports?ts=1722007509&sid=c46efe9b-d3d2-4a0c-8c76-bfafa16c5add&s=WpvQsqjhiOnNdYkK8fT9%2FhFmbFpvH7FatdNf%2FmpPZEA%3D"}]}
1 < Reporting-Endpoints: heroku-nel=https://nel.heroku.com/reports?ts=1722007509&sid=c46efe9b-d3d2-4a0c-8c76-bfafa16c5add&s=WpvQsqjhiOnNdYkK8fT9%2FhFmbFpvH7FatdNf%2FmpPZEA%3D
1 < Nel: {"report_to":"heroku-nel","max_age":3600,"success_fraction":0.005,"failure_fraction":0.05,"response_headers":["Via"]}
1 < Connection: keep-alive
1 < X-Powered-By: Express
1 < Content-Type: application/json; charset=utf-8
1 < Content-Length: 27
1 < Etag: W/"1b-qg+85bS2oqDT584CV7gAu4rGyAA"
1 < Date: Fri, 26 Jul 2024 15:25:09 GMT
1 < Via: 1.1 vegur
{"token":"94e3f0df27dfd5b"}

10:25:10.594 [main] ERROR com.intuit.karate - src/test/java/examples/users/demoblaze.feature:12
And match response == { "status": "success" }
match failed: EQUALS
  $ | not equal | actual does not contain key - 'status' (MAP:MAP)
  {"token":"94e3f0df27dfd5b"}
  {"status":"success"}


src/test/java/examples/users/demoblaze.feature:12
10:25:11.593 [main] INFO  com.intuit.karate.Suite - <<fail>> feature 1 of 1 (0 remaining) src/test/java/examples/users/demoblaze.feature
10:25:52.926 [main] DEBUG com.intuit.karate.Suite - [config] classpath:karate-config.js
10:25:52.934 [main] INFO  com.intuit.karate.Suite - backed up existing 'target\karate-reports' dir to: target\karate-reports_1722007552932
10:25:54.513 [main] INFO  com.intuit.karate - karate.env system property was: null 
10:25:55.702 [main] DEBUG com.intuit.karate - request:
1 > POST https://restful-booker.herokuapp.com/auth
1 > Content-Type: application/json; charset=UTF-8
1 > Content-Length: 45
1 > Host: restful-booker.herokuapp.com
1 > Connection: Keep-Alive
1 > User-Agent: Apache-HttpClient/4.5.13 (Java/1.8.0_351)
1 > Accept-Encoding: gzip,deflate
{"username":"admin","password":"password123"}

10:25:56.542 [main] DEBUG com.intuit.karate - response time in milliseconds: 837
1 < 200
1 < Server: Cowboy
1 < Report-To: {"group":"heroku-nel","max_age":3600,"endpoints":[{"url":"https://nel.heroku.com/reports?ts=1722007555&sid=c46efe9b-d3d2-4a0c-8c76-bfafa16c5add&s=V9N3zHn49DdKhL%2FC2vMX63eAFZbIbDIbCiw1vDCAF0I%3D"}]}
1 < Reporting-Endpoints: heroku-nel=https://nel.heroku.com/reports?ts=1722007555&sid=c46efe9b-d3d2-4a0c-8c76-bfafa16c5add&s=V9N3zHn49DdKhL%2FC2vMX63eAFZbIbDIbCiw1vDCAF0I%3D
1 < Nel: {"report_to":"heroku-nel","max_age":3600,"success_fraction":0.005,"failure_fraction":0.05,"response_headers":["Via"]}
1 < Connection: keep-alive
1 < X-Powered-By: Express
1 < Content-Type: application/json; charset=utf-8
1 < Content-Length: 27
1 < Etag: W/"1b-JbF+wUmnhlY6CLM3a7iM1tDL+nw"
1 < Date: Fri, 26 Jul 2024 15:25:55 GMT
1 < Via: 1.1 vegur
{"token":"a06dde429d69f67"}

10:25:56.566 [main] ERROR com.intuit.karate - src/test/java/examples/users/demoblaze.feature:9
And match response == { "status": "success" }
match failed: EQUALS
  $ | not equal | actual does not contain key - 'status' (MAP:MAP)
  {"token":"a06dde429d69f67"}
  {"status":"success"}


src/test/java/examples/users/demoblaze.feature:9
10:25:57.562 [main] INFO  com.intuit.karate.Suite - <<fail>> feature 1 of 1 (0 remaining) src/test/java/examples/users/demoblaze.feature
10:26:22.051 [main] DEBUG com.intuit.karate.Suite - [config] classpath:karate-config.js
10:26:22.103 [main] INFO  com.intuit.karate.Suite - backed up existing 'target\karate-reports' dir to: target\karate-reports_1722007582063
10:26:22.156 [main] INFO  c.intuit.karate.core.FeatureRuntime - found scenario at line: 4 - ^Login$
10:26:23.979 [main] INFO  com.intuit.karate - karate.env system property was: null 
10:26:25.406 [main] DEBUG com.intuit.karate - request:
1 > POST https://restful-booker.herokuapp.com/auth
1 > Content-Type: application/json; charset=UTF-8
1 > Content-Length: 45
1 > Host: restful-booker.herokuapp.com
1 > Connection: Keep-Alive
1 > User-Agent: Apache-HttpClient/4.5.13 (Java/1.8.0_351)
1 > Accept-Encoding: gzip,deflate
{"username":"admin","password":"password123"}

10:26:26.141 [main] DEBUG com.intuit.karate - response time in milliseconds: 732
1 < 200
1 < Server: Cowboy
1 < Report-To: {"group":"heroku-nel","max_age":3600,"endpoints":[{"url":"https://nel.heroku.com/reports?ts=1722007584&sid=c46efe9b-d3d2-4a0c-8c76-bfafa16c5add&s=Rlytt8mrlla94%2FPY5%2B2NxlFNOqEHH83ksum%2F3lz4wHk%3D"}]}
1 < Reporting-Endpoints: heroku-nel=https://nel.heroku.com/reports?ts=1722007584&sid=c46efe9b-d3d2-4a0c-8c76-bfafa16c5add&s=Rlytt8mrlla94%2FPY5%2B2NxlFNOqEHH83ksum%2F3lz4wHk%3D
1 < Nel: {"report_to":"heroku-nel","max_age":3600,"success_fraction":0.005,"failure_fraction":0.05,"response_headers":["Via"]}
1 < Connection: keep-alive
1 < X-Powered-By: Express
1 < Content-Type: application/json; charset=utf-8
1 < Content-Length: 27
1 < Etag: W/"1b-YMmfAT65cLJ2oDUzIGc/RcP46lM"
1 < Date: Fri, 26 Jul 2024 15:26:24 GMT
1 < Via: 1.1 vegur
{"token":"a3d7ac105069e4d"}

10:26:27.238 [main] INFO  com.intuit.karate.Suite - <<pass>> feature 1 of 1 (0 remaining) src/test/java/examples/users/demoblaze.feature
18:19:23.571 [main] DEBUG com.intuit.karate.Suite - [config] classpath:karate-config.js
18:19:23.580 [main] INFO  com.intuit.karate.Suite - backed up existing 'target\karate-reports' dir to: target\karate-reports_1722035963578
18:19:23.643 [main] INFO  c.intuit.karate.core.FeatureRuntime - found scenario at line: 4 - ^Login$
18:19:25.419 [main] INFO  com.intuit.karate - karate.env system property was: null 
18:19:26.798 [main] DEBUG com.intuit.karate - request:
1 > POST https://api.demoblaze.com/signup
1 > Content-Type: application/json; charset=UTF-8
1 > Content-Length: 48
1 > Host: api.demoblaze.com
1 > Connection: Keep-Alive
1 > User-Agent: Apache-HttpClient/4.5.13 (Java/1.8.0_351)
1 > Accept-Encoding: gzip,deflate
{"username":"operador123","password":"clave456"}

18:19:27.805 [main] DEBUG com.intuit.karate - response time in milliseconds: 1004
1 < 200
1 < Content-Type: application/json
1 < X-Cloud-Trace-Context: 0a14b6370984dca2d70b1952dc8f77e8
1 < Date: Fri, 26 Jul 2024 23:19:27 GMT
1 < Server: Google Frontend
1 < Content-Length: 3
""


18:19:28.998 [main] INFO  com.intuit.karate.Suite - <<pass>> feature 1 of 1 (0 remaining) src/test/java/examples/users/demoblaze.feature
18:22:31.386 [main] DEBUG com.intuit.karate.Suite - [config] classpath:karate-config.js
18:22:31.395 [main] INFO  com.intuit.karate.Suite - backed up existing 'target\karate-reports' dir to: target\karate-reports_1722036151394
18:22:31.440 [main] INFO  c.intuit.karate.core.FeatureRuntime - found scenario at line: 11 - ^Login$
18:22:33.059 [main] INFO  com.intuit.karate - karate.env system property was: null 
18:22:34.349 [main] DEBUG com.intuit.karate - request:
1 > POST https://api.demoblaze.com/login
1 > Content-Type: application/json; charset=UTF-8
1 > Content-Length: 48
1 > Host: api.demoblaze.com
1 > Connection: Keep-Alive
1 > User-Agent: Apache-HttpClient/4.5.13 (Java/1.8.0_351)
1 > Accept-Encoding: gzip,deflate
{"username":"operador123","password":"clave456"}

18:22:35.195 [main] DEBUG com.intuit.karate - response time in milliseconds: 843
1 < 200
1 < Content-Type: application/json
1 < Vary: Accept-Encoding
1 < X-Cloud-Trace-Context: b3a0ce4d7af6aba00e7b5495b652d3f9;o=1
1 < Date: Fri, 26 Jul 2024 23:22:34 GMT
1 < Server: Google Frontend
1 < Cache-Control: private
1 < Transfer-Encoding: chunked
"Auth_token: b3BlcmFkb3IxMjMxNzIyNjM2"


18:22:36.221 [main] INFO  com.intuit.karate.Suite - <<pass>> feature 1 of 1 (0 remaining) src/test/java/examples/users/demoblaze.feature
